<?xml version="1.0" encoding="UTF-8"?>
<!-- Generated by org.testng.reporters.JUnitReportReporter -->
<testsuite hostname="Rohitha-Dell" failures="0" tests="2" name="RC.Tests.CartUsingDatabaseTests" time="76.101" errors="0" timestamp="2024-09-19T10:46:14 MDT" skipped="0">
  <testcase classname="RC.Tests.CartUsingDatabaseTests" name="checkTotal" time="38.119"/>
  <testcase classname="RC.Tests.CartUsingDatabaseTests" name="checkTotal" time="37.982"/>
</testsuite> <!-- RC.Tests.CartUsingDatabaseTests -->
