<?xml version="1.0" encoding="UTF-8"?>
<!-- Generated by org.testng.reporters.JUnitReportReporter -->
<testsuite hostname="Rohitha-Dell" failures="0" tests="3" name="RC.Tests.CartUsingExcelTests" time="121.373" errors="0" timestamp="2024-09-17T13:26:18 MDT" skipped="1">
  <testcase classname="RC.Tests.CartUsingExcelTests" name="checkTotal" time="53.402"/>
  <testcase classname="RC.Tests.CartUsingExcelTests" name="checkTotal" time="28.113"/>
  <testcase classname="RC.Tests.CartUsingExcelTests" name="checkTotal" time="39.858">
    <skipped/>
  </testcase> <!-- checkTotal -->
</testsuite> <!-- RC.Tests.CartUsingExcelTests -->
