<?xml version="1.0" encoding="UTF-8"?>
<!-- Generated by org.testng.reporters.JUnitReportReporter -->
<testsuite hostname="Rohitha-Dell" failures="0" tests="2" name="RC.Tests.CartUsingExcelTests" time="60.796" errors="0" timestamp="2024-09-14T15:18:03 MDT" skipped="0">
  <testcase classname="RC.Tests.CartUsingExcelTests" name="printProductsCost" time="35.999"/>
  <testcase classname="RC.Tests.CartUsingExcelTests" name="printProductsCost" time="24.797"/>
</testsuite> <!-- RC.Tests.CartUsingExcelTests -->
