<?xml version="1.0" encoding="UTF-8"?>
<!-- Generated by org.testng.reporters.JUnitReportReporter -->
<testsuite hostname="Rohitha-Dell" failures="0" tests="2" name="RC.Tests.CartTests" time="87.943" errors="0" timestamp="2024-09-12T08:03:36 MDT" skipped="0">
  <testcase classname="RC.Tests.CartTests" name="checkCartProductsSameAsFoundItems" time="55.524"/>
  <testcase classname="RC.Tests.CartTests" name="checkCartProductsSameAsFoundItems" time="32.419"/>
</testsuite> <!-- RC.Tests.CartTests -->
