<?xml version="1.0" encoding="UTF-8"?>
<!-- Generated by org.testng.reporters.JUnitReportReporter -->
<testsuite hostname="Rohitha-Dell" failures="0" tests="3" name="RC.Tests.SubmitOrder" time="60.991" errors="0" timestamp="2024-09-03T17:35:05 MDT" skipped="0">
  <testcase classname="RC.Tests.SubmitOrder" name="checkIfTheProductsAreAvailable" time="14.438"/>
  <testcase classname="RC.Tests.SubmitOrder" name="submitOrder" time="24.975"/>
  <testcase classname="RC.Tests.SubmitOrder" name="submitOrder" time="21.578"/>
</testsuite> <!-- RC.Tests.SubmitOrder -->
