<?xml version="1.0" encoding="UTF-8"?>
<!-- Generated by org.testng.reporters.JUnitReportReporter -->
<testsuite hostname="Rohitha-Dell" failures="0" tests="2" name="RC.Tests.CartTests" time="80.869" errors="0" timestamp="2024-09-13T10:52:08 MDT" skipped="0">
  <testcase classname="RC.Tests.CartTests" name="printProductsCost" time="57.346"/>
  <testcase classname="RC.Tests.CartTests" name="printProductsCost" time="23.523"/>
</testsuite> <!-- RC.Tests.CartTests -->
