<?xml version="1.0" encoding="UTF-8"?>
<!-- Generated by org.testng.reporters.JUnitReportReporter -->
<testsuite hostname="Rohitha-Dell" failures="0" tests="6" name="RC.Tests.CartTests" time="287.980" errors="0" timestamp="2024-09-12T08:13:08 MDT" skipped="0">
  <testcase classname="RC.Tests.CartTests" name="checkCartProductsSameAsFoundItems" time="46.104"/>
  <testcase classname="RC.Tests.CartTests" name="checkTotal" time="23.442"/>
  <testcase classname="RC.Tests.CartTests" name="checkTotal" time="60.905"/>
  <testcase classname="RC.Tests.CartTests" name="checkCartProductsSameAsFoundItems" time="49.921"/>
  <testcase classname="RC.Tests.CartTests" name="printProductsCost" time="45.861"/>
  <testcase classname="RC.Tests.CartTests" name="printProductsCost" time="61.747"/>
</testsuite> <!-- RC.Tests.CartTests -->
