<?xml version="1.0" encoding="UTF-8"?>
<!-- Generated by org.testng.reporters.JUnitReportReporter -->
<testsuite hostname="Rohitha-Dell" failures="0" tests="3" name="RC.Tests.SubmitOrder" time="164.826" errors="0" timestamp="2024-09-12T10:58:10 MDT" skipped="0">
  <testcase classname="RC.Tests.SubmitOrder" name="submitOrder" time="63.679"/>
  <testcase classname="RC.Tests.SubmitOrder" name="submitOrder" time="46.469"/>
  <testcase classname="RC.Tests.SubmitOrder" name="checkIfTheProductsAreAvailable" time="54.678"/>
</testsuite> <!-- RC.Tests.SubmitOrder -->
