<?xml version="1.0" encoding="UTF-8"?>
<!-- Generated by org.testng.reporters.JUnitReportReporter -->
<testsuite hostname="Rohitha-Dell" failures="0" tests="3" name="RC.Tests.SubmitOrder" time="173.298" errors="0" timestamp="2024-09-12T08:13:08 MDT" skipped="0">
  <testcase classname="RC.Tests.SubmitOrder" name="submitOrder" time="51.000"/>
  <testcase classname="RC.Tests.SubmitOrder" name="checkIfTheProductsAreAvailable" time="62.924"/>
  <testcase classname="RC.Tests.SubmitOrder" name="submitOrder" time="59.374"/>
</testsuite> <!-- RC.Tests.SubmitOrder -->
