<?xml version="1.0" encoding="UTF-8"?>
<!-- Generated by org.testng.reporters.JUnitReportReporter -->
<testsuite hostname="Rohitha-Dell" failures="0" tests="6" name="RC.Tests.CartTests" time="229.068" errors="0" timestamp="2024-09-12T10:58:10 MDT" skipped="0">
  <testcase classname="RC.Tests.CartTests" name="checkTotal" time="50.885"/>
  <testcase classname="RC.Tests.CartTests" name="checkCartProductsSameAsFoundItems" time="26.497"/>
  <testcase classname="RC.Tests.CartTests" name="checkCartProductsSameAsFoundItems" time="37.557"/>
  <testcase classname="RC.Tests.CartTests" name="checkTotal" time="37.771"/>
  <testcase classname="RC.Tests.CartTests" name="printProductsCost" time="28.253"/>
  <testcase classname="RC.Tests.CartTests" name="printProductsCost" time="48.105"/>
</testsuite> <!-- RC.Tests.CartTests -->
